<?xml version="1.0" encoding="UTF-8"?>
<!-- Generated by org.testng.reporters.JUnitXMLReporter -->
<testsuite ignored="0" hostname="DESKTOP-9NQDE4J" failures="1" tests="3" name="Test" time="41.655" errors="0" timestamp="2025-05-26T16:31:33 IST">
  <testcase classname="testcases.TC003_LoginDDT" name="verify_loginDDT" time="11.654">
    <failure type="java.lang.AssertionError" message="expected [true] but found [false]">
      <![CDATA[java.lang.AssertionError: expected [true] but found [false]
at testcases.TC003_LoginDDT.verify_loginDDT(TC003_LoginDDT.java:44)
at java.base/java.util.ArrayList.forEach(ArrayList.java:1596)
... Removed 29 stack frames]]>
    </failure>
  </testcase> <!-- verify_loginDDT -->
  <testcase classname="testcases.TC003_LoginDDT" name="verify_loginDDT" time="11.082"/>
  <testcase classname="testcases.TC003_LoginDDT" name="verify_loginDDT" time="11.956"/>
</testsuite> <!-- Test -->
